{"/home/sasha/po/2sem/web/lab3/sashko-lab-main/src/components/base_notification.vue": {"path":"/home/sasha/po/2sem/web/lab3/sashko-lab-main/src/components/base_notification.vue","statementMap":{"0":{"start":{"line":19,"column":0},"end":{"line":19,"column":null}}},"fnMap":{"0":{"name":"(anonymous_1)","decl":{"start":{"line":19,"column":0},"end":{"line":19,"column":null}},"loc":{"start":{"line":19,"column":0},"end":{"line":19,"column":null}}}},"branchMap":{},"s":{"0":1},"f":{"0":1},"b":{}}
,"/home/sasha/po/2sem/web/lab3/sashko-lab-main/src/components/the_header.vue": {"path":"/home/sasha/po/2sem/web/lab3/sashko-lab-main/src/components/the_header.vue","statementMap":{"0":{"start":{"line":30,"column":0},"end":{"line":30,"column":null}},"1":{"start":{"line":42,"column":0},"end":{"line":42,"column":null}},"2":{"start":{"line":44,"column":0},"end":{"line":44,"column":null}}},"fnMap":{"0":{"name":"(anonymous_1)","decl":{"start":{"line":41,"column":0},"end":{"line":41,"column":null}},"loc":{"start":{"line":41,"column":0},"end":{"line":45,"column":null}}}},"branchMap":{},"s":{"0":1,"1":0,"2":0},"f":{"0":0},"b":{}}
,"/home/sasha/po/2sem/web/lab3/sashko-lab-main/src/services/api_service.js": {"path":"/home/sasha/po/2sem/web/lab3/sashko-lab-main/src/services/api_service.js","statementMap":{"0":{"start":{"line":3,"column":16},"end":{"line":3,"column":46}},"1":{"start":{"line":5,"column":17},"end":{"line":12,"column":2}},"2":{"start":{"line":15,"column":4},"end":{"line":15,"column":47}},"3":{"start":{"line":17,"column":4},"end":{"line":17,"column":71}},"4":{"start":{"line":21,"column":4},"end":{"line":21,"column":43}},"5":{"start":{"line":23,"column":4},"end":{"line":23,"column":58}}},"fnMap":{"0":{"name":"setToken","decl":{"start":{"line":14,"column":16},"end":{"line":14,"column":24}},"loc":{"start":{"line":14,"column":32},"end":{"line":18,"column":1}},"line":14},"1":{"name":"removeToken","decl":{"start":{"line":20,"column":16},"end":{"line":20,"column":27}},"loc":{"start":{"line":20,"column":30},"end":{"line":24,"column":1}},"line":20}},"branchMap":{},"s":{"0":2,"1":2,"2":1,"3":1,"4":0,"5":0},"f":{"0":1,"1":0},"b":{},"_coverageSchema":"1a1c01bbd47fc00a2c39e90264f33305004495a9","hash":"b20664e722e18a1ad2d8c7901ef785a580f941b5"}
}
